This is pdfTeX, Version 3.141592653-2.6-1.40.22 (TeX Live 2022/dev/Debian) (preloaded format=pdflatex 2023.9.14)  28 OCT 2023 11:52
entering extended mode
 restricted \write18 enabled.
 %&-line parsing enabled.
**skripsi_uinws.tex
(./skripsi_uinws.tex
LaTeX2e <2021-11-15> patch level 1
L3 programming layer <2022-01-21> (./uinwsskripsi.cls
Document Class: uinwsskripsi 2021/02/14 v2.0 class skripsi FST UIN Walisongo Se
marang
(/usr/share/texlive/texmf-dist/tex/generic/babel/babel.sty
Package: babel 2022/01/26 3.70 The Babel package
\babel@savecnt=\count185
\U@D=\dimen138
\l@unhyphenated=\language3

(/usr/share/texlive/texmf-dist/tex/generic/babel/txtbabel.def)
\bbl@readstream=\read2
\bbl@dirlevel=\count186

(/usr/share/texlive/texmf-dist/tex/generic/babel-english/english.ldf
Language: english 2017/06/06 v3.3r English support from the babel system
Package babel Info: Hyphen rules for 'british' set to \l@english
(babel)             (\language0). Reported on input line 82.
Package babel Info: Hyphen rules for 'UKenglish' set to \l@english
(babel)             (\language0). Reported on input line 83.
Package babel Info: Hyphen rules for 'canadian' set to \l@english
(babel)             (\language0). Reported on input line 102.
Package babel Info: Hyphen rules for 'australian' set to \l@english
(babel)             (\language0). Reported on input line 105.
Package babel Info: Hyphen rules for 'newzealand' set to \l@english
(babel)             (\language0). Reported on input line 108.
)

! Package babel Error: Unknown option 'bahasa'. Either you misspelled it
(babel)                or the language definition file bahasa.ldf was not found
.

See the babel package documentation for explanation.
Type  H <return>  for immediate help.
 ...                                              
                                                  
l.4254 \ProcessOptions*
                       
? 
) (/usr/share/texlive/texmf-dist/tex/latex/tools/indentfirst.sty
Package: indentfirst 1995/11/23 v1.03 Indent first paragraph (DPC)
)
(/usr/share/texlive/texmf-dist/tex/latex/setspace/setspace.sty
Package: setspace 2011/12/19 v6.7a set line spacing
)
(/usr/share/texlive/texmf-dist/tex/latex/base/fontenc.sty
Package: fontenc 2021/04/29 v2.0v Standard LaTeX package
)
(/usr/share/texlive/texmf-dist/tex/latex/psnfss/times.sty
Package: times 2020/03/25 PSNFSS-v9.3 (SPQR) 
)
(/usr/share/texlive/texmf-dist/tex/latex/graphics/graphicx.sty
Package: graphicx 2021/09/16 v1.2d Enhanced LaTeX Graphics (DPC,SPQR)

(/usr/share/texlive/texmf-dist/tex/latex/graphics/keyval.sty
Package: keyval 2014/10/28 v1.15 key=value parser (DPC)
\KV@toks@=\toks16
)
(/usr/share/texlive/texmf-dist/tex/latex/graphics/graphics.sty
Package: graphics 2021/03/04 v1.4d Standard LaTeX Graphics (DPC,SPQR)

(/usr/share/texlive/texmf-dist/tex/latex/graphics/trig.sty
Package: trig 2021/08/11 v1.11 sin cos tan (DPC)
)
(/usr/share/texlive/texmf-dist/tex/latex/graphics-cfg/graphics.cfg
File: graphics.cfg 2016/06/04 v1.11 sample graphics configuration
)
Package graphics Info: Driver file: pdftex.def on input line 107.

(/usr/share/texlive/texmf-dist/tex/latex/graphics-def/pdftex.def
File: pdftex.def 2020/10/05 v1.2a Graphics/color driver for pdftex
))
\Gin@req@height=\dimen139
\Gin@req@width=\dimen140
)
(/usr/share/texlive/texmf-dist/tex/latex/base/latexsym.sty
Package: latexsym 1998/08/17 v2.2e Standard LaTeX package (lasy symbols)
\symlasy=\mathgroup4
LaTeX Font Info:    Overwriting symbol font `lasy' in version `bold'
(Font)                  U/lasy/m/n --> U/lasy/b/n on input line 52.
)
(/usr/share/texlive/texmf-dist/tex/latex/caladea/caladea.sty
Package: caladea 2014/08/17 (Bob Tennent) Supports Caladea fonts for LaTeX, pdf
LaTeX, luaLaTeX and xeLaTeX.

(/usr/share/texlive/texmf-dist/tex/generic/iftex/ifxetex.sty
Package: ifxetex 2019/10/25 v0.7 ifxetex legacy package. Use iftex instead.

(/usr/share/texlive/texmf-dist/tex/generic/iftex/iftex.sty
Package: iftex 2020/03/06 v1.0d TeX engine tests
))
(/usr/share/texlive/texmf-dist/tex/generic/iftex/ifluatex.sty
Package: ifluatex 2019/10/25 v1.5 ifluatex legacy package. Use iftex instead.
)
(/usr/share/texlive/texmf-dist/tex/latex/xkeyval/xkeyval.sty
Package: xkeyval 2020/11/20 v2.8 package option processing (HA)

(/usr/share/texlive/texmf-dist/tex/generic/xkeyval/xkeyval.tex
(/usr/share/texlive/texmf-dist/tex/generic/xkeyval/xkvutils.tex
\XKV@toks=\toks17
\XKV@tempa@toks=\toks18
)
\XKV@depth=\count187
File: xkeyval.tex 2014/12/03 v2.7a key=value parser (HA)
))
(/usr/share/texlive/texmf-dist/tex/latex/base/textcomp.sty
Package: textcomp 2020/02/02 v2.0n Standard LaTeX package
))
(/usr/share/texlive/texmf-dist/tex/latex/amsmath/amsmath.sty
Package: amsmath 2021/10/15 v2.17l AMS math features
\@mathmargin=\skip47

For additional information on amsmath, use the `?' option.
(/usr/share/texlive/texmf-dist/tex/latex/amsmath/amstext.sty
Package: amstext 2021/08/26 v2.01 AMS text

(/usr/share/texlive/texmf-dist/tex/latex/amsmath/amsgen.sty
File: amsgen.sty 1999/11/30 v2.0 generic functions
\@emptytoks=\toks19
\ex@=\dimen141
))
(/usr/share/texlive/texmf-dist/tex/latex/amsmath/amsbsy.sty
Package: amsbsy 1999/11/29 v1.2d Bold Symbols
\pmbraise@=\dimen142
)
(/usr/share/texlive/texmf-dist/tex/latex/amsmath/amsopn.sty
Package: amsopn 2021/08/26 v2.02 operator names
)
\inf@bad=\count188
LaTeX Info: Redefining \frac on input line 234.
\uproot@=\count189
\leftroot@=\count190
LaTeX Info: Redefining \overline on input line 399.
\classnum@=\count191
\DOTSCASE@=\count192
LaTeX Info: Redefining \ldots on input line 496.
LaTeX Info: Redefining \dots on input line 499.
LaTeX Info: Redefining \cdots on input line 620.
\Mathstrutbox@=\box50
\strutbox@=\box51
\big@size=\dimen143
LaTeX Font Info:    Redeclaring font encoding OML on input line 743.
LaTeX Font Info:    Redeclaring font encoding OMS on input line 744.
\macc@depth=\count193
\c@MaxMatrixCols=\count194
\dotsspace@=\muskip16
\c@parentequation=\count195
\dspbrk@lvl=\count196
\tag@help=\toks20
\row@=\count197
\column@=\count198
\maxfields@=\count199
\andhelp@=\toks21
\eqnshift@=\dimen144
\alignsep@=\dimen145
\tagshift@=\dimen146
\tagwidth@=\dimen147
\totwidth@=\dimen148
\lineht@=\dimen149
\@envbody=\toks22
\multlinegap=\skip48
\multlinetaggap=\skip49
\mathdisplay@stack=\toks23
LaTeX Info: Redefining \[ on input line 2938.
LaTeX Info: Redefining \] on input line 2939.
)
(/usr/share/texlive/texmf-dist/tex/latex/amsfonts/amssymb.sty
Package: amssymb 2013/01/14 v3.01 AMS font symbols

(/usr/share/texlive/texmf-dist/tex/latex/amsfonts/amsfonts.sty
Package: amsfonts 2013/01/14 v3.01 Basic AMSFonts support
\symAMSa=\mathgroup5
\symAMSb=\mathgroup6
LaTeX Font Info:    Redeclaring math symbol \hbar on input line 98.
LaTeX Font Info:    Overwriting math alphabet `\mathfrak' in version `bold'
(Font)                  U/euf/m/n --> U/euf/b/n on input line 106.
))
(/usr/share/texlive/texmf-dist/tex/latex/tools/tabularx.sty
Package: tabularx 2020/01/15 v2.11c `tabularx' package (DPC)

(/usr/share/texlive/texmf-dist/tex/latex/tools/array.sty
Package: array 2021/10/04 v2.5f Tabular extension package (FMi)
\col@sep=\dimen150
\ar@mcellbox=\box52
\extrarowheight=\dimen151
\NC@list=\toks24
\extratabsurround=\skip50
\backup@length=\skip51
\ar@cellbox=\box53
)
\TX@col@width=\dimen152
\TX@old@table=\dimen153
\TX@old@col=\dimen154
\TX@target=\dimen155
\TX@delta=\dimen156
\TX@cols=\count266
\TX@ftn=\toks25
)
(/usr/share/texlive/texmf-dist/tex/latex/hyphenat/hyphenat.sty
Package: hyphenat 2009/09/02 v2.3c hyphenation utilities
\langwohyphens=\language4
LaTeX Info: Redefining \_ on input line 43.
)
(/usr/share/texlive/texmf-dist/tex/latex/base/report.cls
Document Class: report 2021/10/04 v1.4n Standard LaTeX document class
(/usr/share/texlive/texmf-dist/tex/latex/base/size12.clo
File: size12.clo 2021/10/04 v1.4n Standard LaTeX file (size option)
)
\c@part=\count267
\c@chapter=\count268
\c@section=\count269
\c@subsection=\count270
\c@subsubsection=\count271
\c@paragraph=\count272
\c@subparagraph=\count273
\c@figure=\count274
\c@table=\count275
\abovecaptionskip=\skip52
\belowcaptionskip=\skip53
\bibindent=\dimen157
)
(/usr/share/texlive/texmf-dist/tex/latex/natbib/natbib.sty
Package: natbib 2010/09/13 8.31b (PWD, AO)
\bibhang=\skip54
\bibsep=\skip55
LaTeX Info: Redefining \cite on input line 694.
\c@NAT@ctr=\count276
)
(/usr/share/texlive/texmf-dist/tex/latex/url/url.sty
\Urlmuskip=\muskip17
Package: url 2013/09/16  ver 3.4  Verb mode for urls, etc.
)
(/usr/share/texlive/texmf-dist/tex/latex/nomencl/nomencl.sty
Package: nomencl 2021/11/10 v5.6 Nomenclature package

(/usr/share/texlive/texmf-dist/tex/latex/base/ifthen.sty
Package: ifthen 2020/11/24 v1.1c Standard LaTeX ifthen package (DPC)
)
(/usr/share/texlive/texmf-dist/tex/latex/koma-script/tocbasic.sty
Package: tocbasic 2021/11/13 v3.35 KOMA-Script package (handling toc-files)

(/usr/share/texlive/texmf-dist/tex/latex/koma-script/scrbase.sty
Package: scrbase 2021/11/13 v3.35 KOMA-Script package (KOMA-Script-independent 
basics and keyval usage)

(/usr/share/texlive/texmf-dist/tex/latex/koma-script/scrlfile.sty
Package: scrlfile 2021/11/13 v3.35 KOMA-Script package (file load hooks)

(/usr/share/texlive/texmf-dist/tex/latex/koma-script/scrlfile-hook.sty
Package: scrlfile-hook 2021/11/13 v3.35 KOMA-Script package (using LaTeX hooks)


(/usr/share/texlive/texmf-dist/tex/latex/koma-script/scrlogo.sty
Package: scrlogo 2021/11/13 v3.35 KOMA-Script package (logo)
)))
Applying: [2021/05/01] Usage of raw or classic option list on input line 252.
Already applied: [0000/00/00] Usage of raw or classic option list on input line
 368.
)
\scr@dte@tocline@numberwidth=\skip56
\scr@dte@tocline@numbox=\box54
)
Package tocbasic Info: setting babel extension for `nlo' on input line 187.
Package tocbasic Info: setting babel extension for `nls' on input line 188.
\nomlabelwidth=\dimen158
\nom@tempdim=\dimen159
\nomitemsep=\skip57
)
\@glossaryfile=\write3
\openout3 = `skripsi_uinws.glo'.


Writing glossary file skripsi_uinws.glo 
(/usr/share/texlive/texmf-dist/tex/latex/caption/caption.sty
Package: caption 2020/10/26 v3.5g Customizing captions (AR)

(/usr/share/texlive/texmf-dist/tex/latex/caption/caption3.sty
Package: caption3 2020/10/21 v2.2e caption3 kernel (AR)
\captionmargin=\dimen160
\captionmargin@=\dimen161
\captionwidth=\dimen162
\caption@tempdima=\dimen163
\caption@indent=\dimen164
\caption@parindent=\dimen165
\caption@hangindent=\dimen166
Package caption Info: Standard document class detected.
)
\c@caption@flags=\count277
\c@continuedfloat=\count278
)
(/usr/share/texlive/texmf-dist/tex/latex/geometry/geometry.sty
Package: geometry 2020/01/02 v5.9 Page Geometry

(/usr/share/texlive/texmf-dist/tex/generic/iftex/ifvtex.sty
Package: ifvtex 2019/10/25 v1.7 ifvtex legacy package. Use iftex instead.
)
\Gm@cnth=\count279
\Gm@cntv=\count280
\c@Gm@tempcnt=\count281
\Gm@bindingoffset=\dimen167
\Gm@wd@mp=\dimen168
\Gm@odd@mp=\dimen169
\Gm@even@mp=\dimen170
\Gm@layoutwidth=\dimen171
\Gm@layoutheight=\dimen172
\Gm@layouthoffset=\dimen173
\Gm@layoutvoffset=\dimen174
\Gm@dimlist=\toks26
)
(/usr/share/texlive/texmf-dist/tex/latex/tocloft/tocloft.sty
Package: tocloft 2017/08/31 v2.3i parameterised ToC, etc., typesetting
Package tocloft Info: The document has chapter divisions on input line 51.
\cftparskip=\skip58
\cftbeforetoctitleskip=\skip59
\cftaftertoctitleskip=\skip60
\cftbeforepartskip=\skip61
\cftpartnumwidth=\skip62
\cftpartindent=\skip63
\cftbeforechapskip=\skip64
\cftchapindent=\skip65
\cftchapnumwidth=\skip66
\cftbeforesecskip=\skip67
\cftsecindent=\skip68
\cftsecnumwidth=\skip69
\cftbeforesubsecskip=\skip70
\cftsubsecindent=\skip71
\cftsubsecnumwidth=\skip72
\cftbeforesubsubsecskip=\skip73
\cftsubsubsecindent=\skip74
\cftsubsubsecnumwidth=\skip75
\cftbeforeparaskip=\skip76
\cftparaindent=\skip77
\cftparanumwidth=\skip78
\cftbeforesubparaskip=\skip79
\cftsubparaindent=\skip80
\cftsubparanumwidth=\skip81
\cftbeforeloftitleskip=\skip82
\cftafterloftitleskip=\skip83
\cftbeforefigskip=\skip84
\cftfigindent=\skip85
\cftfignumwidth=\skip86
\c@lofdepth=\count282
\c@lotdepth=\count283
\cftbeforelottitleskip=\skip87
\cftafterlottitleskip=\skip88
\cftbeforetabskip=\skip89
\cfttabindent=\skip90
\cfttabnumwidth=\skip91
)

Package tocloft Warning: lampiran has no counter for use as a `within' on input
 line 201.

\c@appendices=\count284
\cftbeforeappendicesskip=\skip92
\cftappendicesindent=\skip93
\cftappendicesnumwidth=\skip94
\c@apcdepth=\count285
\cftbeforeapctitleskip=\skip95
\cftafterapctitleskip=\skip96
) (./data_skripsi.tex)
LaTeX Font Info:    Trying to load font information for T1+Caladea-TLF on input
 line 5.

(/usr/share/texlive/texmf-dist/tex/latex/caladea/T1Caladea-TLF.fd
File: T1Caladea-TLF.fd 2014/08/17 (autoinst) Font definitions for T1/Caladea-TL
F.
)
LaTeX Font Info:    Font shape `T1/Caladea-TLF/m/n' will be
(Font)              scaled to size 12.0pt on input line 5.

(/usr/share/texlive/texmf-dist/tex/latex/l3backend/l3backend-pdftex.def
File: l3backend-pdftex.def 2022-01-12 L3 backend support: PDF output (pdfTeX)
\l__color_backend_stack_int=\count286
\l__pdf_internal_box=\box55
)
(./skripsi_uinws.aux)
\openout1 = `skripsi_uinws.aux'.

LaTeX Font Info:    Checking defaults for OML/cmm/m/it on input line 5.
LaTeX Font Info:    ... okay on input line 5.
LaTeX Font Info:    Checking defaults for OMS/cmsy/m/n on input line 5.
LaTeX Font Info:    ... okay on input line 5.
LaTeX Font Info:    Checking defaults for OT1/cmr/m/n on input line 5.
LaTeX Font Info:    ... okay on input line 5.
LaTeX Font Info:    Checking defaults for T1/cmr/m/n on input line 5.
LaTeX Font Info:    ... okay on input line 5.
LaTeX Font Info:    Checking defaults for TS1/cmr/m/n on input line 5.
LaTeX Font Info:    ... okay on input line 5.
LaTeX Font Info:    Checking defaults for OMX/cmex/m/n on input line 5.
LaTeX Font Info:    ... okay on input line 5.
LaTeX Font Info:    Checking defaults for U/cmr/m/n on input line 5.
LaTeX Font Info:    ... okay on input line 5.

(/usr/share/texlive/texmf-dist/tex/context/base/mkii/supp-pdf.mkii
[Loading MPS to PDF converter (version 2006.09.02).]
\scratchcounter=\count287
\scratchdimen=\dimen175
\scratchbox=\box56
\nofMPsegments=\count288
\nofMParguments=\count289
\everyMPshowfont=\toks27
\MPscratchCnt=\count290
\MPscratchDim=\dimen176
\MPnumerator=\count291
\makeMPintoPDFobject=\count292
\everyMPtoPDFconversion=\toks28
) (/usr/share/texlive/texmf-dist/tex/latex/epstopdf-pkg/epstopdf-base.sty
Package: epstopdf-base 2020-01-24 v2.11 Base part for package epstopdf
Package epstopdf-base Info: Redefining graphics rule for `.eps' on input line 4
85.

(/usr/share/texlive/texmf-dist/tex/latex/latexconfig/epstopdf-sys.cfg
File: epstopdf-sys.cfg 2010/07/13 v1.3 Configuration of (r)epstopdf for TeX Liv
e
))
Package caption Info: Begin \AtBeginDocument code.
Package caption Info: End \AtBeginDocument code.

*geometry* driver: auto-detecting
*geometry* detected driver: pdftex
*geometry* verbose mode - [ preamble ] result:
* driver: pdftex
* paper: a5paper
* layout: <same size as paper>
* layoutoffset:(h,v)=(0.0pt,0.0pt)
* modes: 
* h-part:(L,W,R)=(56.9055pt, 307.28975pt, 56.90553pt)
* v-part:(T,H,B)=(56.9055pt, 483.69684pt, 56.90553pt)
* \paperwidth=421.10078pt
* \paperheight=597.50787pt
* \textwidth=307.28975pt
* \textheight=483.69684pt
* \oddsidemargin=-15.36449pt
* \evensidemargin=-15.36449pt
* \topmargin=-52.36449pt
* \headheight=12.0pt
* \headsep=25.0pt
* \topskip=12.0pt
* \footskip=30.0pt
* \marginparwidth=4.0pt
* \marginparsep=10.0pt
* \columnsep=10.0pt
* \skip\footins=10.8pt plus 4.0pt minus 2.0pt
* \hoffset=0.0pt
* \voffset=0.0pt
* \mag=1000
* \@twocolumnfalse
* \@twosidefalse
* \@mparswitchfalse
* \@reversemarginfalse
* (1in=72.27pt=25.4mm, 1cm=28.453pt)

(./muka_skripsi.tex
LaTeX Font Info:    Font shape `T1/Caladea-TLF/m/n' will be
(Font)              scaled to size 14.4pt on input line 2.
LaTeX Font Info:    Font shape `T1/Caladea-TLF/b/n' will be
(Font)              scaled to size 14.4pt on input line 2.
LaTeX Font Info:    Font shape `T1/Caladea-TLF/m/n' will be
(Font)              scaled to size 10.95pt on input line 2.
LaTeX Font Info:    Font shape `T1/Caladea-TLF/b/n' will be
(Font)              scaled to size 10.95pt on input line 2.
 (./abstrak.tex
Underfull \hbox (badness 10000) in paragraph at lines 1--2
[]\T1/Caladea-TLF/m/n/12 Wawasan Nu-san-tara adalah kon-sep dasar yang
 []


Underfull \hbox (badness 10000) in paragraph at lines 1--2
\T1/Caladea-TLF/m/n/12 men-dorong pema-haman dan ke-sadaran ter-hadap
 []


Underfull \hbox (badness 4846) in paragraph at lines 1--2
\T1/Caladea-TLF/m/n/12 ke-ber-aga-man bu-daya, ge-ografi, dan sum-ber daya alam

 []


Underfull \hbox (badness 1629) in paragraph at lines 1--2
\T1/Caladea-TLF/m/n/12 yang me-limpah di In-done-sia, dike-nal se-ba-gai Nu-san
-tara.
 []


Underfull \hbox (badness 10000) in paragraph at lines 1--2
\T1/Caladea-TLF/m/n/12 wilayah, serta men-jalin hubun-gan har-mo-nis den-gan
 []


Underfull \hbox (badness 6978) in paragraph at lines 1--2
\T1/Caladea-TLF/m/n/12 negara-negara tetangga. Wawasan Nu-san-tara men-jadi
 []


Underfull \hbox (badness 6526) in paragraph at lines 1--2
\T1/Caladea-TLF/m/n/12 lan-dasan ke-bi-jakan luar negeri dan visi pem-ban-gu-na
n
 []


Underfull \hbox (badness 4608) in paragraph at lines 1--2
\T1/Caladea-TLF/m/n/12 ke-sat-uan, kedaula-tan, dan pem-ban-gu-nan na-sional ya
ng
 []

)
LaTeX Font Info:    Font shape `T1/Caladea-TLF/b/n' will be
(Font)              scaled to size 12.0pt on input line 2.
LaTeX Font Info:    Font shape `T1/Caladea-TLF/b/it' will be
(Font)              scaled to size 12.0pt on input line 2.


! Package babel Error: You haven't defined the language 'bahasa' yet.
(babel)                Perhaps you misspelled it or your installation
(babel)                is not complete.

See the babel package documentation for explanation.
Type  H <return>  for immediate help.
 ...                                              
                                                  
l.8 \selectlanguage{bahasa}
                           \clearpage\pagenumbering{arabic}\setcounter{page}{1}

? 
LaTeX Font Info:    Font shape `T1/Caladea-TLF/m/sl' in size <12> not available

(Font)              Font shape `T1/Caladea-TLF/m/it' tried instead on input lin
e 8.
LaTeX Font Info:    Font shape `T1/Caladea-TLF/m/it' will be
(Font)              scaled to size 12.0pt on input line 8.
[1


{/var/lib/texmf/fonts/map/pdftex/updmap/pdftex.map}]) (./bab-1-skripsi.tex
Underfull \hbox (badness 10000) in paragraph at lines 3--4
[]\T1/Caladea-TLF/m/n/12 Wawasan Nu-san-tara adalah kon-sep dasar yang
 []


Underfull \hbox (badness 10000) in paragraph at lines 3--4
\T1/Caladea-TLF/m/n/12 me-man-dang pent-ingnya pema-haman dan ke-sadaran
 []


Underfull \hbox (badness 6859) in paragraph at lines 3--4
\T1/Caladea-TLF/m/n/12 ter-hadap ke-ber-aga-man bu-daya, ge-ografi, serta sum-b
er
 []


Underfull \hbox (badness 7814) in paragraph at lines 3--4
\T1/Caladea-TLF/m/n/12 daya alam yang me-limpah di wilayah In-done-sia yang
 []


Underfull \hbox (badness 1237) in paragraph at lines 3--4
\T1/Caladea-TLF/m/n/12 luas, dike-nal se-ba-gai Nu-san-tara. Kon-sep ini men-do
rong
 []


Underfull \hbox (badness 4242) in paragraph at lines 3--4
\T1/Caladea-TLF/m/n/12 kedaula-tan, serta in-tegri-tas wilayah, sekali-gus men-
jalin
 []


Underfull \hbox (badness 7832) in paragraph at lines 3--4
\T1/Caladea-TLF/m/n/12 hubun-gan har-mo-nis den-gan negara-negara tetangga di
 []


Underfull \hbox (badness 1270) in paragraph at lines 3--4
\T1/Caladea-TLF/m/n/12 kawasan ini. Wawasan Nu-san-tara bukan hanya men-jadi
 []


Underfull \hbox (badness 1178) in paragraph at lines 5--6
\T1/Caladea-TLF/m/n/12 mem-perkuat rasa na-sion-al-isme, menghor-mati ker-aga-m
an
 []


Underfull \hbox (badness 2035) in paragraph at lines 5--6
\T1/Caladea-TLF/m/n/12 pe-lestar-ian lingkun-gan, yang men-jadi rel-e-van dalam
 era
 []


Underfull \hbox (badness 10000) in paragraph at lines 7--8
[]\T1/Caladea-TLF/m/n/12 Namun, masih banyak orang yang belum ter-lalu
 []


Underfull \hbox (badness 1454) in paragraph at lines 7--8
\T1/Caladea-TLF/m/n/12 belum men-ge-nal In-done-sia se-cara lebih dekat. Gagasa
n
 []


Underfull \hbox (badness 2828) in paragraph at lines 7--8
\T1/Caladea-TLF/m/n/12 ini mencer-minkan tan-ta-n-gan yang muncul dalam up-aya
 []


Underfull \hbox (badness 10000) in paragraph at lines 7--8
\T1/Caladea-TLF/m/n/12 mem-pro-mosikan pema-haman dan ke-sadaran ter-hadap
 []


Underfull \hbox (badness 10000) in paragraph at lines 7--8
\T1/Caladea-TLF/m/n/12 pada gili-ran-nya da-pat meng-ham-bat pen-ca-pa-ian tu-j
uan
 []


Underfull \hbox (badness 4608) in paragraph at lines 7--8
\T1/Caladea-TLF/m/n/12 ke-sat-uan, kedaula-tan, dan pem-ban-gu-nan na-sional ya
ng
 []

[1

]) (./bab-2-skripsi.tex

Package natbib Warning: Citation `arikunto2002' on page 2 undefined on input li
ne 2.


Underfull \hbox (badness 1701) in paragraph at lines 2--3
\T1/Caladea-TLF/m/n/12 bahwa ke-la-juan ca-haya adalah SAMA di se-tiap kerangka

 []


Underfull \hbox (badness 1014) in paragraph at lines 2--3
\T1/Caladea-TLF/m/n/12 bin-gung, skep-tis, bahkan mungkin ada yang mele-cehkan.

 []


Underfull \hbox (badness 6893) in paragraph at lines 2--3
\T1/Caladea-TLF/m/n/12 New-ton berdiri tegak dan kokoh (se-ba-ga-ian fisikawan
 []


Underfull \hbox (badness 4505) in paragraph at lines 2--3
\T1/Caladea-TLF/m/n/12 mungkin ada yang men-gang-gap bahwa teori ini su-dah
 []

LaTeX Font Info:    Trying to load font information for U+lasy on input line 4.

(/usr/share/texlive/texmf-dist/tex/latex/base/ulasy.fd
File: ulasy.fd 1998/08/17 v2.2e LaTeX symbol font definitions
)
LaTeX Font Info:    Trying to load font information for U+msa on input line 4.

(/usr/share/texlive/texmf-dist/tex/latex/amsfonts/umsa.fd
File: umsa.fd 2013/01/14 v3.01 AMS symbols A
)
LaTeX Font Info:    Trying to load font information for U+msb on input line 4.

(/usr/share/texlive/texmf-dist/tex/latex/amsfonts/umsb.fd
File: umsb.fd 2013/01/14 v3.01 AMS symbols B
) [2])
(./bab-3-skripsi.tex
Underfull \hbox (badness 8113) in paragraph at lines 22--2
[]\T1/Caladea-TLF/m/n/12 Ini con-toh meru-juk per-samaan di atas. Menu-rut
 []


Underfull \hbox (badness 2302) in paragraph at lines 10--10
[][]|\T1/Caladea-TLF/m/n/12 Judul tabel dile-takkan di atas berbeda den-gan
 []


Underfull \hbox (badness 2856) in paragraph at lines 25--26
[]\T1/Caladea-TLF/m/n/12 Sebagai salah satu up-aya yang ter-bilang spek-takuler

 []


Underfull \hbox (badness 10000) in paragraph at lines 25--26
\T1/Caladea-TLF/m/n/12 un-tuk men-damaikan kon-flik an-tara mekanika New-ton
 []


Underfull \hbox (badness 4454) in paragraph at lines 25--26
\T1/Caladea-TLF/m/n/12 dan per-samaan Maxwell di-lakukan oleh Michel-son dan
 []


Underfull \hbox (badness 10000) in paragraph at lines 25--26
\T1/Caladea-TLF/m/n/12 Mor-ley melalui serangka-ian per-cobaan yang di-lakukan
 []


Underfull \hbox (badness 1983) in paragraph at lines 25--26
\T1/Caladea-TLF/m/n/12 usu-lan Ein-stein terse-but yang kini dike-nal se-ba-gai
 teori
 []

[3]
<gambarcontoh.jpg, id=23, 256.96pt x 192.72pt>
File: gambarcontoh.jpg Graphic file (type jpg)
<use gambarcontoh.jpg>
Package pdftex.def Info: gambarcontoh.jpg  used on input line 29.
(pdftex.def)             Requested size: 205.56827pt x 154.1762pt.

Underfull \hbox (badness 2856) in paragraph at lines 34--35
[]\T1/Caladea-TLF/m/n/12 Sebagai salah satu up-aya yang ter-bilang spek-takuler

 []


Underfull \hbox (badness 10000) in paragraph at lines 38--39
[]\T1/Caladea-TLF/m/n/12 Namun Michelson-Morley pada akhirnya harus
 []


Underfull \hbox (badness 2334) in paragraph at lines 38--39
\T1/Caladea-TLF/m/n/12 mener-ima keny-ataan bahwa per-cobaan-nya me-nun-jukkan
 []

[4 <./gambarcontoh.jpg>]) [5] (./pustaka.tex
Underfull \hbox (badness 10000) in paragraph at lines 1--2
\T1/Caladea-TLF/m/it/12 Nu-san-tara Se-ba-gai Sarana dalam Meningkatkan
 []

)

Package natbib Warning: There were undefined citations.

[6


] (./skripsi_uinws.aux)

LaTeX Warning: Label(s) may have changed. Rerun to get cross-references right.

 )
(\end occurred when \iffalse on line 5 was incomplete) 
Here is how much of TeX's memory you used:
 8048 strings out of 480247
 135492 string characters out of 5896151
 470979 words of memory out of 5000000
 25837 multiletter control sequences out of 15000+600000
 508039 words of font info for 65 fonts, out of 8000000 for 9000
 14 hyphenation exceptions out of 8191
 125i,15n,131p,832b,378s stack positions out of 5000i,500n,10000p,200000b,80000s
{/usr/share/texlive/texmf
-dist/fonts/enc/dvips/caladea/cld_fjy5hl.enc}</usr/share/texlive/texmf-dist/fon
ts/type1/huerta/caladea/Caladea-Bold.pfb></usr/share/texlive/texmf-dist/fonts/t
ype1/huerta/caladea/Caladea-BoldItalic.pfb></usr/share/texlive/texmf-dist/fonts
/type1/huerta/caladea/Caladea-Italic.pfb></usr/share/texlive/texmf-dist/fonts/t
ype1/huerta/caladea/Caladea-Regular.pfb></usr/share/texlive/texmf-dist/fonts/ty
pe1/public/amsfonts/cm/cmmi12.pfb></usr/share/texlive/texmf-dist/fonts/type1/pu
blic/amsfonts/cm/cmmi8.pfb></usr/share/texlive/texmf-dist/fonts/type1/public/am
sfonts/cm/cmr12.pfb></usr/share/texlive/texmf-dist/fonts/type1/public/amsfonts/
cm/cmr8.pfb></usr/share/texlive/texmf-dist/fonts/type1/public/amsfonts/cm/cmsy1
0.pfb>
Output written on skripsi_uinws.pdf (7 pages, 256690 bytes).
PDF statistics:
 75 PDF objects out of 1000 (max. 8388607)
 46 compressed objects within 1 object stream
 0 named destinations out of 1000 (max. 500000)
 6 words of extra memory for PDF output out of 10000 (max. 10000000)

